[WARNING] Unable to find the root directory. Create a .mvn directory in the root directory or add the root="true" attribute on the root project's model to identify it.
[INFO] Scanning for projects...
[INFO] ------------------------------------------------------------------------
[INFO] Reactor Build Order:
[INFO] 
[INFO] catpoint-parent                                                    [pom]
[INFO] Image-Service                                                      [jar]
[INFO] Security-Service                                                   [jar]
[INFO] 
[INFO] ----------------< com.udacity.catpoint:catpoint-parent >----------------
[INFO] Building catpoint-parent 1.0-SNAPSHOT                              [1/3]
[INFO]   from pom.xml
[INFO] --------------------------------[ pom ]---------------------------------
[INFO] Loaded 21870 auto-discovered prefixes for remote repository central (prefixes-central.txt)
[INFO] Loaded 74 auto-discovered prefixes for remote repository apache.snapshots (prefixes-apache.snapshots-c1d4c55f9308e5ac18a4069bed41dca64d85c515.txt)
[WARNING] Version not locked for default bindings plugins [maven-clean-plugin], you should define versions in pluginManagement section of your pom.xml or parent
[INFO] 
[INFO] --- clean:3.4.0:clean (default-clean) @ catpoint-parent ---
[INFO] Deleting /workspaces/cd0384-java-application-deployment-projectstarter/starter/catpoint-parent/target
[INFO] 
[INFO] --- jacoco:0.8.8:prepare-agent (prepare-agent) @ catpoint-parent ---
[INFO] argLine set to -javaagent:/home/codespace/.m2/repository/org/jacoco/org.jacoco.agent/0.8.8/org.jacoco.agent-0.8.8-runtime.jar=destfile=/workspaces/cd0384-java-application-deployment-projectstarter/starter/catpoint-parent/target/jacoco.exec
[INFO] Copying com.udacity.catpoint:catpoint-parent:pom:1.0-SNAPSHOT to project local repository
[INFO] Copying com.udacity.catpoint:catpoint-parent:pom:consumer:1.0-SNAPSHOT to project local repository
[INFO] 
[INFO] -----------------< com.udacity.catpoint:Image-Service >-----------------
[INFO] Building Image-Service 1.0-SNAPSHOT                                [2/3]
[INFO]   from Image-Service/pom.xml
[INFO] --------------------------------[ jar ]---------------------------------
[WARNING] Could not transfer metadata /.meta/prefixes.txt from/to plexus.snapshots-9dedea94451709299d055319c137abeb30aacdef (https://oss.sonatype.org/content/repositories/plexus-snapshots): HTTP Status: 503
[WARNING] Version not locked for default bindings plugins [maven-clean-plugin, maven-resources-plugin], you should define versions in pluginManagement section of your pom.xml or parent
[INFO] 
[INFO] --- clean:3.4.0:clean (default-clean) @ Image-Service ---
[INFO] Deleting /workspaces/cd0384-java-application-deployment-projectstarter/starter/catpoint-parent/Image-Service/target
[INFO] 
[INFO] --- jacoco:0.8.8:prepare-agent (prepare-agent) @ Image-Service ---
[INFO] argLine set to -javaagent:/home/codespace/.m2/repository/org/jacoco/org.jacoco.agent/0.8.8/org.jacoco.agent-0.8.8-runtime.jar=destfile=/workspaces/cd0384-java-application-deployment-projectstarter/starter/catpoint-parent/Image-Service/target/jacoco.exec
[INFO] 
[INFO] --- resources:3.3.1:resources (default-resources) @ Image-Service ---
[INFO] skip non existing resourceDirectory /workspaces/cd0384-java-application-deployment-projectstarter/starter/catpoint-parent/Image-Service/src/main/resources
[INFO] 
[INFO] --- compiler:3.10.1:compile (default-compile) @ Image-Service ---
[INFO] Changes detected - recompiling the module!
[INFO] Compiling 2 source files to /workspaces/cd0384-java-application-deployment-projectstarter/starter/catpoint-parent/Image-Service/target/classes
[INFO] 
[INFO] ---------------< com.udacity.catpoint:Security-Service >----------------
[INFO] Building Security-Service 1.0-SNAPSHOT                             [3/3]
[INFO]   from Security-Service/pom.xml
[INFO] --------------------------------[ jar ]---------------------------------
[WARNING] Version not locked for default bindings plugins [maven-clean-plugin, maven-resources-plugin], you should define versions in pluginManagement section of your pom.xml or parent
[INFO] 
[INFO] --- clean:3.4.0:clean (default-clean) @ Security-Service ---
[INFO] Deleting /workspaces/cd0384-java-application-deployment-projectstarter/starter/catpoint-parent/Security-Service/target
[INFO] 
[INFO] --- jacoco:0.8.8:prepare-agent (prepare-agent) @ Security-Service ---
[INFO] argLine set to -javaagent:/home/codespace/.m2/repository/org/jacoco/org.jacoco.agent/0.8.8/org.jacoco.agent-0.8.8-runtime.jar=destfile=/workspaces/cd0384-java-application-deployment-projectstarter/starter/catpoint-parent/Security-Service/target/jacoco.exec
[INFO] 
[INFO] --- resources:3.3.1:resources (default-resources) @ Security-Service ---
[INFO] Copying 1 resource from src/main/resources to target/classes
[INFO] 
[INFO] --- compiler:3.10.1:compile (default-compile) @ Security-Service ---
[INFO] Changes detected - recompiling the module!
[INFO] Compiling 16 source files to /workspaces/cd0384-java-application-deployment-projectstarter/starter/catpoint-parent/Security-Service/target/classes
[INFO] -------------------------------------------------------------
[ERROR] COMPILATION ERROR : 
[INFO] -------------------------------------------------------------
[ERROR] /workspaces/cd0384-java-application-deployment-projectstarter/starter/catpoint-parent/Security-Service/src/main/java/com/udacity/catpoint/security/application/StatusListener.java:[1,1] class, interface, enum, or record expected
[ERROR] /workspaces/cd0384-java-application-deployment-projectstarter/starter/catpoint-parent/Security-Service/src/main/java/com/udacity/catpoint/security/application/StatusListener.java:[3,1] class, interface, enum, or record expected
[ERROR] /workspaces/cd0384-java-application-deployment-projectstarter/starter/catpoint-parent/Security-Service/src/main/java/com/udacity/catpoint/security/application/DisplayPanel.java:[1,1] class, interface, enum, or record expected
[ERROR] /workspaces/cd0384-java-application-deployment-projectstarter/starter/catpoint-parent/Security-Service/src/main/java/com/udacity/catpoint/security/application/DisplayPanel.java:[3,1] class, interface, enum, or record expected
[ERROR] /workspaces/cd0384-java-application-deployment-projectstarter/starter/catpoint-parent/Security-Service/src/main/java/com/udacity/catpoint/security/application/DisplayPanel.java:[4,1] class, interface, enum, or record expected
[ERROR] /workspaces/cd0384-java-application-deployment-projectstarter/starter/catpoint-parent/Security-Service/src/main/java/com/udacity/catpoint/security/application/DisplayPanel.java:[5,1] class, interface, enum, or record expected
[ERROR] /workspaces/cd0384-java-application-deployment-projectstarter/starter/catpoint-parent/Security-Service/src/main/java/com/udacity/catpoint/security/application/DisplayPanel.java:[6,1] class, interface, enum, or record expected
[ERROR] /workspaces/cd0384-java-application-deployment-projectstarter/starter/catpoint-parent/Security-Service/src/main/java/com/udacity/catpoint/security/application/DisplayPanel.java:[8,1] class, interface, enum, or record expected
[ERROR] /workspaces/cd0384-java-application-deployment-projectstarter/starter/catpoint-parent/Security-Service/src/main/java/com/udacity/catpoint/security/application/CatpointGui.java:[1,1] class, interface, enum, or record expected
[ERROR] /workspaces/cd0384-java-application-deployment-projectstarter/starter/catpoint-parent/Security-Service/src/main/java/com/udacity/catpoint/security/application/CatpointGui.java:[3,1] class, interface, enum, or record expected
[ERROR] /workspaces/cd0384-java-application-deployment-projectstarter/starter/catpoint-parent/Security-Service/src/main/java/com/udacity/catpoint/security/application/CatpointGui.java:[4,1] class, interface, enum, or record expected
[ERROR] /workspaces/cd0384-java-application-deployment-projectstarter/starter/catpoint-parent/Security-Service/src/main/java/com/udacity/catpoint/security/application/CatpointGui.java:[5,1] class, interface, enum, or record expected
[ERROR] /workspaces/cd0384-java-application-deployment-projectstarter/starter/catpoint-parent/Security-Service/src/main/java/com/udacity/catpoint/security/application/CatpointGui.java:[6,1] class, interface, enum, or record expected
[ERROR] /workspaces/cd0384-java-application-deployment-projectstarter/starter/catpoint-parent/Security-Service/src/main/java/com/udacity/catpoint/security/application/CatpointGui.java:[7,1] class, interface, enum, or record expected
[ERROR] /workspaces/cd0384-java-application-deployment-projectstarter/starter/catpoint-parent/Security-Service/src/main/java/com/udacity/catpoint/security/application/CatpointGui.java:[9,1] class, interface, enum, or record expected
[ERROR] /workspaces/cd0384-java-application-deployment-projectstarter/starter/catpoint-parent/Security-Service/src/main/java/com/udacity/catpoint/security/application/CatpointApp.java:[1,1] class, interface, enum, or record expected
[ERROR] /workspaces/cd0384-java-application-deployment-projectstarter/starter/catpoint-parent/Security-Service/src/main/java/com/udacity/catpoint/security/application/ImagePanel.java:[1,1] class, interface, enum, or record expected
[ERROR] /workspaces/cd0384-java-application-deployment-projectstarter/starter/catpoint-parent/Security-Service/src/main/java/com/udacity/catpoint/security/application/ImagePanel.java:[3,1] class, interface, enum, or record expected
[ERROR] /workspaces/cd0384-java-application-deployment-projectstarter/starter/catpoint-parent/Security-Service/src/main/java/com/udacity/catpoint/security/application/ImagePanel.java:[4,1] class, interface, enum, or record expected
[ERROR] /workspaces/cd0384-java-application-deployment-projectstarter/starter/catpoint-parent/Security-Service/src/main/java/com/udacity/catpoint/security/application/ImagePanel.java:[5,1] class, interface, enum, or record expected
[ERROR] /workspaces/cd0384-java-application-deployment-projectstarter/starter/catpoint-parent/Security-Service/src/main/java/com/udacity/catpoint/security/application/ImagePanel.java:[6,1] class, interface, enum, or record expected
[ERROR] /workspaces/cd0384-java-application-deployment-projectstarter/starter/catpoint-parent/Security-Service/src/main/java/com/udacity/catpoint/security/application/ImagePanel.java:[8,1] class, interface, enum, or record expected
[ERROR] /workspaces/cd0384-java-application-deployment-projectstarter/starter/catpoint-parent/Security-Service/src/main/java/com/udacity/catpoint/security/application/ImagePanel.java:[9,1] class, interface, enum, or record expected
[ERROR] /workspaces/cd0384-java-application-deployment-projectstarter/starter/catpoint-parent/Security-Service/src/main/java/com/udacity/catpoint/security/application/ImagePanel.java:[10,1] class, interface, enum, or record expected
[ERROR] /workspaces/cd0384-java-application-deployment-projectstarter/starter/catpoint-parent/Security-Service/src/main/java/com/udacity/catpoint/security/application/ImagePanel.java:[11,1] class, interface, enum, or record expected
[ERROR] /workspaces/cd0384-java-application-deployment-projectstarter/starter/catpoint-parent/Security-Service/src/main/java/com/udacity/catpoint/security/application/ImagePanel.java:[12,1] class, interface, enum, or record expected
[ERROR] /workspaces/cd0384-java-application-deployment-projectstarter/starter/catpoint-parent/Security-Service/src/main/java/com/udacity/catpoint/security/application/ImagePanel.java:[13,1] class, interface, enum, or record expected
[ERROR] /workspaces/cd0384-java-application-deployment-projectstarter/starter/catpoint-parent/Security-Service/src/main/java/module-info.java:[8,32] module not found: com.miginfocom.swing
[ERROR] cannot access com.udacity.catpoint.security.module-info
  cannot resolve modules
[INFO] 29 errors 
[INFO] -------------------------------------------------------------
[INFO] ------------------------------------------------------------------------
[INFO] Reactor Summary for catpoint-parent 1.0-SNAPSHOT:
[INFO] 
[INFO] catpoint-parent .................................... SUCCESS [  1.023 s]
[INFO] Image-Service ...................................... SUCCESS [  3.264 s]
[INFO] Security-Service ................................... FAILURE [  0.523 s]
[INFO] ------------------------------------------------------------------------
[INFO] BUILD FAILURE
[INFO] ------------------------------------------------------------------------
[INFO] Total time:  5.125 s
[INFO] Finished at: 2026-01-06T15:08:26Z
[INFO] ------------------------------------------------------------------------
[ERROR] Failed to execute goal org.apache.maven.plugins:maven-compiler-plugin:3.10.1:compile (default-compile) on project Security-Service: Compilation failure: Compilation failure: 
[ERROR] /workspaces/cd0384-java-application-deployment-projectstarter/starter/catpoint-parent/Security-Service/src/main/java/com/udacity/catpoint/security/application/StatusListener.java:[1,1] class, interface, enum, or record expected
[ERROR] /workspaces/cd0384-java-application-deployment-projectstarter/starter/catpoint-parent/Security-Service/src/main/java/com/udacity/catpoint/security/application/StatusListener.java:[3,1] class, interface, enum, or record expected
[ERROR] /workspaces/cd0384-java-application-deployment-projectstarter/starter/catpoint-parent/Security-Service/src/main/java/com/udacity/catpoint/security/application/DisplayPanel.java:[1,1] class, interface, enum, or record expected
[ERROR] /workspaces/cd0384-java-application-deployment-projectstarter/starter/catpoint-parent/Security-Service/src/main/java/com/udacity/catpoint/security/application/DisplayPanel.java:[3,1] class, interface, enum, or record expected
[ERROR] /workspaces/cd0384-java-application-deployment-projectstarter/starter/catpoint-parent/Security-Service/src/main/java/com/udacity/catpoint/security/application/DisplayPanel.java:[4,1] class, interface, enum, or record expected
[ERROR] /workspaces/cd0384-java-application-deployment-projectstarter/starter/catpoint-parent/Security-Service/src/main/java/com/udacity/catpoint/security/application/DisplayPanel.java:[5,1] class, interface, enum, or record expected
[ERROR] /workspaces/cd0384-java-application-deployment-projectstarter/starter/catpoint-parent/Security-Service/src/main/java/com/udacity/catpoint/security/application/DisplayPanel.java:[6,1] class, interface, enum, or record expected
[ERROR] /workspaces/cd0384-java-application-deployment-projectstarter/starter/catpoint-parent/Security-Service/src/main/java/com/udacity/catpoint/security/application/DisplayPanel.java:[8,1] class, interface, enum, or record expected
[ERROR] /workspaces/cd0384-java-application-deployment-projectstarter/starter/catpoint-parent/Security-Service/src/main/java/com/udacity/catpoint/security/application/CatpointGui.java:[1,1] class, interface, enum, or record expected
[ERROR] /workspaces/cd0384-java-application-deployment-projectstarter/starter/catpoint-parent/Security-Service/src/main/java/com/udacity/catpoint/security/application/CatpointGui.java:[3,1] class, interface, enum, or record expected
[ERROR] /workspaces/cd0384-java-application-deployment-projectstarter/starter/catpoint-parent/Security-Service/src/main/java/com/udacity/catpoint/security/application/CatpointGui.java:[4,1] class, interface, enum, or record expected
[ERROR] /workspaces/cd0384-java-application-deployment-projectstarter/starter/catpoint-parent/Security-Service/src/main/java/com/udacity/catpoint/security/application/CatpointGui.java:[5,1] class, interface, enum, or record expected
[ERROR] /workspaces/cd0384-java-application-deployment-projectstarter/starter/catpoint-parent/Security-Service/src/main/java/com/udacity/catpoint/security/application/CatpointGui.java:[6,1] class, interface, enum, or record expected
[ERROR] /workspaces/cd0384-java-application-deployment-projectstarter/starter/catpoint-parent/Security-Service/src/main/java/com/udacity/catpoint/security/application/CatpointGui.java:[7,1] class, interface, enum, or record expected
[ERROR] /workspaces/cd0384-java-application-deployment-projectstarter/starter/catpoint-parent/Security-Service/src/main/java/com/udacity/catpoint/security/application/CatpointGui.java:[9,1] class, interface, enum, or record expected
[ERROR] /workspaces/cd0384-java-application-deployment-projectstarter/starter/catpoint-parent/Security-Service/src/main/java/com/udacity/catpoint/security/application/CatpointApp.java:[1,1] class, interface, enum, or record expected
[ERROR] /workspaces/cd0384-java-application-deployment-projectstarter/starter/catpoint-parent/Security-Service/src/main/java/com/udacity/catpoint/security/application/ImagePanel.java:[1,1] class, interface, enum, or record expected
[ERROR] /workspaces/cd0384-java-application-deployment-projectstarter/starter/catpoint-parent/Security-Service/src/main/java/com/udacity/catpoint/security/application/ImagePanel.java:[3,1] class, interface, enum, or record expected
[ERROR] /workspaces/cd0384-java-application-deployment-projectstarter/starter/catpoint-parent/Security-Service/src/main/java/com/udacity/catpoint/security/application/ImagePanel.java:[4,1] class, interface, enum, or record expected
[ERROR] /workspaces/cd0384-java-application-deployment-projectstarter/starter/catpoint-parent/Security-Service/src/main/java/com/udacity/catpoint/security/application/ImagePanel.java:[5,1] class, interface, enum, or record expected
[ERROR] /workspaces/cd0384-java-application-deployment-projectstarter/starter/catpoint-parent/Security-Service/src/main/java/com/udacity/catpoint/security/application/ImagePanel.java:[6,1] class, interface, enum, or record expected
[ERROR] /workspaces/cd0384-java-application-deployment-projectstarter/starter/catpoint-parent/Security-Service/src/main/java/com/udacity/catpoint/security/application/ImagePanel.java:[8,1] class, interface, enum, or record expected
[ERROR] /workspaces/cd0384-java-application-deployment-projectstarter/starter/catpoint-parent/Security-Service/src/main/java/com/udacity/catpoint/security/application/ImagePanel.java:[9,1] class, interface, enum, or record expected
[ERROR] /workspaces/cd0384-java-application-deployment-projectstarter/starter/catpoint-parent/Security-Service/src/main/java/com/udacity/catpoint/security/application/ImagePanel.java:[10,1] class, interface, enum, or record expected
[ERROR] /workspaces/cd0384-java-application-deployment-projectstarter/starter/catpoint-parent/Security-Service/src/main/java/com/udacity/catpoint/security/application/ImagePanel.java:[11,1] class, interface, enum, or record expected
[ERROR] /workspaces/cd0384-java-application-deployment-projectstarter/starter/catpoint-parent/Security-Service/src/main/java/com/udacity/catpoint/security/application/ImagePanel.java:[12,1] class, interface, enum, or record expected
[ERROR] /workspaces/cd0384-java-application-deployment-projectstarter/starter/catpoint-parent/Security-Service/src/main/java/com/udacity/catpoint/security/application/ImagePanel.java:[13,1] class, interface, enum, or record expected
[ERROR] /workspaces/cd0384-java-application-deployment-projectstarter/starter/catpoint-parent/Security-Service/src/main/java/module-info.java:[8,32] module not found: com.miginfocom.swing
[ERROR] cannot access com.udacity.catpoint.security.module-info
[ERROR]   cannot resolve modules
[ERROR] -> [Help 1]
[ERROR] 
[ERROR] To see the full stack trace of the errors, re-run Maven with the '-e' switch
[ERROR] Re-run Maven using the '-X' switch to enable verbose output
[ERROR] 
[ERROR] For more information about the errors and possible solutions, please read the following articles:
[ERROR] [Help 1] http://cwiki.apache.org/confluence/display/MAVEN/CompilationFailureException
[ERROR] 
[ERROR] After correcting the problems, you can resume the build with the command
[ERROR]   mvn [args] -r
